-------------------------------------------------------------------------------
Test set: com.returners.kata.BowlingGameTest
-------------------------------------------------------------------------------
Tests run: 5, Failures: 0, Errors: 1, Skipped: 0, Time elapsed: 0.077 s <<< FAILURE! - in com.returners.kata.BowlingGameTest
testWithCsvFileSourceFromClasspath{String, int}  Time elapsed: 0.047 s  <<< ERROR!
org.junit.platform.commons.PreconditionViolationException: Classpath resource [/testData.csv] does not exist

